0 info it worked if it ends with ok
<<<<<<< HEAD
1 verbose cli [ 'node', '/usr/local/bin/npm', 'start' ]
2 info using npm@1.5.0-alpha-3
3 info using node@v0.10.29
4 error Error: ENOENT, open '/home/sraph/O-nl/OperationNightlife/package.json'
5 error If you need help, you may report this *entire* log,
5 error including the npm and node versions, at:
5 error     <http://github.com/npm/npm/issues>
6 error System Linux 2.6.32-431.17.1.el6.x86_64
7 error command "node" "/usr/local/bin/npm" "start"
8 error cwd /home/sraph/O-nl/OperationNightlife
9 error node -v v0.10.29
10 error npm -v 1.5.0-alpha-3
11 error path /home/sraph/O-nl/OperationNightlife/package.json
=======
1 verbose cli [ '/usr/bin/nodejs', '/usr/bin/npm', 'start' ]
2 info using npm@1.3.10
3 info using node@v0.10.25
4 error Error: ENOENT, open '/home/burak/Desktop/Fall Workspace/OperationNightlife/package.json'
5 error If you need help, you may report this log at:
5 error     <http://github.com/isaacs/npm/issues>
5 error or email it to:
5 error     <npm-@googlegroups.com>
6 error System Linux 3.13.0-36-generic
7 error command "/usr/bin/nodejs" "/usr/bin/npm" "start"
8 error cwd /home/burak/Desktop/Fall Workspace/OperationNightlife
9 error node -v v0.10.25
10 error npm -v 1.3.10
11 error path /home/burak/Desktop/Fall Workspace/OperationNightlife/package.json
>>>>>>> b0e288da6d612a06740fedbe3a321c7189f9cfda
12 error code ENOENT
13 error errno 34
14 verbose exit [ 34, true ]
